\BOOKMARK [0][-]{chapter*.5}{List of Figures}{}% 1
\BOOKMARK [0][-]{chapter*.6}{List of Tables}{}% 2
\BOOKMARK [0][-]{chapter.1}{Introduction}{}% 3
\BOOKMARK [0][-]{chapter.2}{Aquifer test}{}% 4
\BOOKMARK [1][-]{section.2.1}{Research locations in northern Ghana}{chapter.2}% 5
\BOOKMARK [1][-]{section.2.2}{Methods - Set-up \046 analysis}{chapter.2}% 6
\BOOKMARK [2][-]{subsection.2.2.1}{Measurement set-up}{section.2.2}% 7
\BOOKMARK [2][-]{subsection.2.2.2}{Data analysis}{section.2.2}% 8
\BOOKMARK [1][-]{section.2.3}{Data processing}{chapter.2}% 9
\BOOKMARK [2][-]{subsection.2.3.1}{Location: Bingo}{section.2.3}% 10
\BOOKMARK [2][-]{subsection.2.3.2}{Location: Nungo}{section.2.3}% 11
\BOOKMARK [2][-]{subsection.2.3.3}{Location: Nyong Nayili}{section.2.3}% 12
\BOOKMARK [2][-]{subsection.2.3.4}{Location: Janga \(1/2\)}{section.2.3}% 13
\BOOKMARK [2][-]{subsection.2.3.5}{Location: Janga \(2/2\)}{section.2.3}% 14
\BOOKMARK [2][-]{subsection.2.3.6}{Location: Ziong \(monitoring\)}{section.2.3}% 15
\BOOKMARK [1][-]{section.2.4}{Results \046 conclusions}{chapter.2}% 16
\BOOKMARK [0][-]{chapter.3}{ASR system - Improvements \046 sensitivities}{}% 17
\BOOKMARK [1][-]{section.3.1}{Methods - ASR system simulation}{chapter.3}% 18
\BOOKMARK [2][-]{subsection.3.1.1}{Soil scenarios}{section.3.1}% 19
\BOOKMARK [2][-]{subsection.3.1.2}{ASR system - Synthetic base model definition \(reference\)}{section.3.1}% 20
\BOOKMARK [2][-]{subsection.3.1.3}{ASR system improvements}{section.3.1}% 21
\BOOKMARK [2][-]{subsection.3.1.4}{ASR system sensitivities}{section.3.1}% 22
\BOOKMARK [2][-]{subsection.3.1.5}{Test criteria - sustainability}{section.3.1}% 23
\BOOKMARK [1][-]{section.3.2}{ASR system base model performance}{chapter.3}% 24
\BOOKMARK [2][-]{subsection.3.2.1}{Wet season}{section.3.2}% 25
\BOOKMARK [2][-]{subsection.3.2.2}{Dry season}{section.3.2}% 26
\BOOKMARK [2][-]{subsection.3.2.3}{Recovery ratio R\045}{section.3.2}% 27
\BOOKMARK [1][-]{section.3.3}{ASR system improvements}{chapter.3}% 28
\BOOKMARK [2][-]{subsection.3.3.1}{Extension of daily pumping time}{section.3.3}% 29
\BOOKMARK [2][-]{subsection.3.3.2}{Enlargement of borehole cross-sectional dimension}{section.3.3}% 30
\BOOKMARK [2][-]{subsection.3.3.3}{Reduction of well skin resistance}{section.3.3}% 31
\BOOKMARK [1][-]{section.3.4}{ASR system sensitivity}{chapter.3}% 32
\BOOKMARK [2][-]{subsection.3.4.1}{Degradation of well depth by clogging}{section.3.4}% 33
\BOOKMARK [2][-]{subsection.3.4.2}{Shortening wet season inundation time-span}{section.3.4}% 34
\BOOKMARK [2][-]{subsection.3.4.3}{Reduction wet season inundation level}{section.3.4}% 35
\BOOKMARK [1][-]{section.3.5}{The dimensionless ASR system recharge factor}{chapter.3}% 36
\BOOKMARK [1][-]{section.3.6}{Results \046 Conclusions}{chapter.3}% 37
\BOOKMARK [0][-]{chapter.4}{ASR system - Business case}{}% 38
\BOOKMARK [1][-]{section.4.1}{Methods - From water volume to financial considerations}{chapter.4}% 39
\BOOKMARK [2][-]{subsection.4.1.1}{Yield - crops of interest}{section.4.1}% 40
\BOOKMARK [2][-]{subsection.4.1.2}{Costs - water withdrawal}{section.4.1}% 41
\BOOKMARK [1][-]{section.4.2}{Financial yield}{chapter.4}% 42
\BOOKMARK [1][-]{section.4.3}{Pumping costs}{chapter.4}% 43
\BOOKMARK [1][-]{section.4.4}{Results \046 conclusions}{chapter.4}% 44
\BOOKMARK [0][-]{chapter.5}{Discussion}{}% 45
\BOOKMARK [1][-]{section.5.1}{Farmer's guide - ASR system implementation}{chapter.5}% 46
\BOOKMARK [1][-]{section.5.2}{Research limitations}{chapter.5}% 47
\BOOKMARK [2][-]{subsection.5.2.1}{Aquifer test}{section.5.2}% 48
\BOOKMARK [2][-]{subsection.5.2.2}{ASR system - Improvements \046 sensitivities}{section.5.2}% 49
\BOOKMARK [2][-]{subsection.5.2.3}{ASR system - Business case}{section.5.2}% 50
\BOOKMARK [0][-]{chapter.6}{Conclusions \046 Recommendations}{}% 51
\BOOKMARK [0][-]{chapter*.50}{Bibliography}{}% 52
\BOOKMARK [0][-]{appendix*.51}{Appendices}{}% 53
\BOOKMARK [0][-]{appendix.A}{Original borehole log sheets}{}% 54
\BOOKMARK [0][-]{appendix.B}{Aquifer test - Data results \(fact sheets\)}{}% 55
\BOOKMARK [0][-]{appendix.C}{Aquifer test - Equipment}{}% 56
\BOOKMARK [1][-]{section.C.1}{Pumping test}{appendix.C}% 57
\BOOKMARK [1][-]{section.C.2}{Water table monitoring}{appendix.C}% 58
\BOOKMARK [0][-]{appendix.D}{Aquifer test - Data analysis overview}{}% 59
\BOOKMARK [1][-]{section.D.1}{Example Python scripts}{appendix.D}% 60
\BOOKMARK [1][-]{section.D.2}{Data analysis overview}{appendix.D}% 61
\BOOKMARK [2][-]{subsection.D.2.1}{Location: Bingo}{section.D.2}% 62
\BOOKMARK [2][-]{subsection.D.2.2}{Location: Nungo}{section.D.2}% 63
\BOOKMARK [2][-]{subsection.D.2.3}{Location: Nyong Nayili}{section.D.2}% 64
\BOOKMARK [2][-]{subsection.D.2.4}{Location: Janga \(1/2\)}{section.D.2}% 65
\BOOKMARK [2][-]{subsection.D.2.5}{Location: Janga \(2/2\)}{section.D.2}% 66
\BOOKMARK [2][-]{subsection.D.2.6}{Location: Ziong}{section.D.2}% 67
\BOOKMARK [0][-]{appendix.E}{MODFLOW - Model definition}{}% 68
\BOOKMARK [1][-]{section.E.1}{Model design}{appendix.E}% 69
\BOOKMARK [2][-]{subsection.E.1.1}{MODFLOW-NWT}{section.E.1}% 70
\BOOKMARK [2][-]{subsection.E.1.2}{MODFLOW - GHB}{section.E.1}% 71
\BOOKMARK [2][-]{subsection.E.1.3}{MODFLOW - MNW2}{section.E.1}% 72
\BOOKMARK [1][-]{section.E.2}{Leakage factor }{appendix.E}% 73
\BOOKMARK [0][-]{appendix.F}{MODFLOW - Radial conversion}{}% 74
\BOOKMARK [1][-]{section.F.1}{Test 1: Steady flow to a fully penetrating well in confined aquifer}{appendix.F}% 75
\BOOKMARK [1][-]{section.F.2}{Test 2: Steady flow to a fully penetrating well in unconfined aquifer}{appendix.F}% 76
\BOOKMARK [2][-]{subsection.F.2.1}{Constant head is 10 m}{section.F.2}% 77
\BOOKMARK [2][-]{subsection.F.2.2}{Constant head is 7 m}{section.F.2}% 78
\BOOKMARK [1][-]{section.F.3}{Test 3: Unsteady flow to a partially penetrating well in unconfined aquifer}{appendix.F}% 79
\BOOKMARK [0][-]{appendix.G}{MODFLOW - Additional model results}{}% 80
\BOOKMARK [1][-]{section.G.1}{ASR system base model performance}{appendix.G}% 81
\BOOKMARK [1][-]{section.G.2}{ASR system sensitivity}{appendix.G}% 82
\BOOKMARK [1][-]{section.G.3}{Model validation }{appendix.G}% 83
\BOOKMARK [1][-]{section.G.4}{Business case}{appendix.G}% 84
\BOOKMARK [0][-]{appendix.H}{Product specifications - Pedrollo 4" submersible pump}{}% 85
